<?xml version="1.0" encoding="UTF-8"?>
<!-- Generated by org.testng.reporters.JUnitXMLReporter -->
<testsuite hostname="WGC100CPHRQC2" name="Testngngclasses" tests="3" failures="0" timestamp="8 Nov 2017 08:18:13 GMT" time="0.05" errors="0">
  <testcase name="addition" time="0.007" classname="sample.TestNgClass1"/>
  <testcase name="sub" time="0.002" classname="sample.TestNgClass1"/>
  <testcase name="mul" time="0.001" classname="sample.TestNGClass2"/>
</testsuite> <!-- Testngngclasses -->
