<?xml version="1.0" encoding="UTF-8"?>
<testng-results skipped="0" failed="0" total="2" passed="2">
  <reporter-output>
  </reporter-output>
  <suite name="Default suite" duration-ms="38" started-at="2017-11-08T08:26:09Z" finished-at="2017-11-08T08:26:09Z">
    <groups>
    </groups>
    <test name="Default test" duration-ms="38" started-at="2017-11-08T08:26:09Z" finished-at="2017-11-08T08:26:09Z">
      <class name="sample.TestNgClass1">
        <test-method status="PASS" signature="sub()[pri:0, instance:sample.TestNgClass1@5afa04c]" name="sub" duration-ms="13" started-at="2017-11-08T13:56:09Z" finished-at="2017-11-08T13:56:09Z">
          <reporter-output>
          </reporter-output>
        </test-method> <!-- sub -->
        <test-method status="PASS" signature="addition()[pri:1, instance:sample.TestNgClass1@5afa04c]" name="addition" duration-ms="1" started-at="2017-11-08T13:56:09Z" finished-at="2017-11-08T13:56:09Z">
          <reporter-output>
          </reporter-output>
        </test-method> <!-- addition -->
      </class> <!-- sample.TestNgClass1 -->
    </test> <!-- Default test -->
  </suite> <!-- Default suite -->
</testng-results>
